#
# A fatal error has been detected by the Java Runtime Environment:
#
#  EXCEPTION_ACCESS_VIOLATION (0xc0000005) at pc=0x000000006ee9eb7b, pid=5652, tid=0x000000000000167c
#
# JRE version: Java(TM) SE Runtime Environment (8.0_171-b11) (build 1.8.0_171-b11)
# Java VM: Java HotSpot(TM) 64-Bit Server VM (25.171-b11 mixed mode windows-amd64 compressed oops)
# Problematic frame:
# V  [jvm.dll+0x49eb7b]
#
# Failed to write core dump. Minidumps are not enabled by default on client versions of Windows
#
# If you would like to submit a bug report, please visit:
#   http://bugreport.java.com/bugreport/crash.jsp
#

---------------  T H R E A D  ---------------

Current thread (0x00000000176e9000):  JavaThread "C2 CompilerThread0" daemon [_thread_in_native, id=5756, stack(0x0000000019060000,0x0000000019160000)]

siginfo: ExceptionCode=0xc0000005, writing address 0x0000000000000002

Registers:
RAX=0x0000000000000002, RBX=0x0000000000000000, RCX=0x000000001cf73c20, RDX=0x0000000000000001
RSP=0x000000001915bcd0, RBP=0x000000001915bf20, RSI=0x00000000000003c8, RDI=0x0000000000000002
R8 =0x0000000000000000, R9 =0x000000000000151b, R10=0x000000006ea00000, R11=0x0000000000000138
R12=0x000000006ea00000, R13=0x000000001915bff0, R14=0x0000000000087fb0, R15=0x000000001f55dc40
RIP=0x000000006ee9eb7b, EFLAGS=0x0000000000010246

Top of Stack: (sp=0x000000001915bcd0)
0x000000001915bcd0:   0000269a00000000 0000000000000000
0x000000001915bce0:   000000001915bf20 00000000000003b0
0x000000001915bcf0:   0000152000000000 0000000000000001
0x000000001915bd00:   000000001a31d180 0000000000000016
0x000000001915bd10:   000000001a4934a8 0000000000000027
0x000000001915bd20:   000000001ccf4330 000000001cd12470
0x000000001915bd30:   000000000000106b 000000006ee6d538
0x000000001915bd40:   000000001cee0050 000000001915bdc1
0x000000001915bd50:   000000000000136d 000000001cd12470
0x000000001915bd60:   000000001cd12470 000000001915bdb0
0x000000001915bd70:   000000001f55da78 000000001f55da78
0x000000001915bd80:   000000001e66ec10 0000000000000001
0x000000001915bd90:   000000001f55ba00 000000001f55dc40
0x000000001915bda0:   000000001f55ba00 0000000000072ed0
0x000000001915bdb0:   0000000000000000 0000000000000000
0x000000001915bdc0:   0000000000000000 ffffffffffffff00 

Instructions: (pc=0x000000006ee9eb7b)
0x000000006ee9eb5b:   67 00 41 d3 e8 42 8d 04 09 44 89 44 24 20 89 44
0x000000006ee9eb6b:   24 24 42 0f b6 84 22 b8 02 67 00 41 03 c1 eb 0f
0x000000006ee9eb7b:   48 8d 4c 24 20 e8 8b 49 00 00 44 8b 44 24 20 85
0x000000006ee9eb8b:   c0 74 32 8b c8 48 6b c9 70 48 03 4d 20 0f b6 41 


Register to memory mapping:

RAX=0x0000000000000002 is an unknown value
RBX=0x0000000000000000 is an unknown value
RCX=0x000000001cf73c20 is an unknown value
RDX=0x0000000000000001 is an unknown value
RSP=0x000000001915bcd0 is pointing into the stack for thread: 0x00000000176e9000
RBP=0x000000001915bf20 is pointing into the stack for thread: 0x00000000176e9000
RSI=0x00000000000003c8 is an unknown value
RDI=0x0000000000000002 is an unknown value
R8 =0x0000000000000000 is an unknown value
R9 =0x000000000000151b is an unknown value
R10=0x000000006ea00000 is an unknown value
R11=0x0000000000000138 is an unknown value
R12=0x000000006ea00000 is an unknown value
R13=0x000000001915bff0 is pointing into the stack for thread: 0x00000000176e9000
R14=0x0000000000087fb0 is an unknown value
R15=0x000000001f55dc40 is an unknown value


Stack: [0x0000000019060000,0x0000000019160000],  sp=0x000000001915bcd0,  free space=1007k
Native frames: (J=compiled Java code, j=interpreted, Vv=VM code, C=native code)
V  [jvm.dll+0x49eb7b]
V  [jvm.dll+0x46d538]
V  [jvm.dll+0x46d6e6]
V  [jvm.dll+0x46b274]
V  [jvm.dll+0x46a2a4]
V  [jvm.dll+0x47585b]
V  [jvm.dll+0x478167]
V  [jvm.dll+0x45a902]
V  [jvm.dll+0xa6102]
V  [jvm.dll+0xa6a4f]
V  [jvm.dll+0x245adf]
V  [jvm.dll+0x29d40a]
C  [msvcr100.dll+0x21d9f]
C  [msvcr100.dll+0x21e3b]
C  [kernel32.dll+0x1652d]
C  [ntdll.dll+0x2c521]


Current CompileTask:
C2:   8389 4932   !   4       org.springframework.util.ReflectionUtils::doWithMethods (176 bytes)


---------------  P R O C E S S  ---------------

Java Threads: ( => current thread )
  0x000000001adcb000 JavaThread "SimplePauseDetectorThread_0" daemon [_thread_blocked, id=5500, stack(0x0000000021e90000,0x0000000021f90000)]
  0x000000001adca000 JavaThread "Thread-5" daemon [_thread_blocked, id=3420, stack(0x0000000020230000,0x0000000020330000)]
  0x000000001adc9800 JavaThread "RxIoScheduler-1 (Evictor)" daemon [_thread_blocked, id=5980, stack(0x000000001fe90000,0x000000001ff90000)]
  0x000000001adc8800 JavaThread "spring.cloud.inetutils" daemon [_thread_blocked, id=4516, stack(0x0000000018780000,0x0000000018880000)]
  0x000000001adc4000 JavaThread "Keep-Alive-Timer" daemon [_thread_blocked, id=4048, stack(0x000000001b6a0000,0x000000001b7a0000)]
  0x00000000192a9000 JavaThread "surefire-forkedjvm-ping-30s" daemon [_thread_blocked, id=5580, stack(0x0000000019b50000,0x0000000019c50000)]
  0x0000000019280800 JavaThread "surefire-forkedjvm-command-thread" daemon [_thread_in_native, id=3288, stack(0x0000000019840000,0x0000000019940000)]
  0x00000000191c5800 JavaThread "Service Thread" daemon [_thread_blocked, id=2160, stack(0x0000000019730000,0x0000000019830000)]
  0x0000000019164000 JavaThread "C1 CompilerThread2" daemon [_thread_blocked, id=5724, stack(0x0000000019620000,0x0000000019720000)]
  0x0000000019163000 JavaThread "C2 CompilerThread1" daemon [_thread_in_native, id=6060, stack(0x0000000018d30000,0x0000000018e30000)]
=>0x00000000176e9000 JavaThread "C2 CompilerThread0" daemon [_thread_in_native, id=5756, stack(0x0000000019060000,0x0000000019160000)]
  0x00000000176e3800 JavaThread "Attach Listener" daemon [_thread_blocked, id=4580, stack(0x0000000018eb0000,0x0000000018fb0000)]
  0x00000000176e1000 JavaThread "Signal Dispatcher" daemon [_thread_blocked, id=4116, stack(0x0000000018c30000,0x0000000018d30000)]
  0x00000000176ca000 JavaThread "Finalizer" daemon [_thread_blocked, id=5320, stack(0x0000000018a50000,0x0000000018b50000)]
  0x0000000017683000 JavaThread "Reference Handler" daemon [_thread_blocked, id=4588, stack(0x00000000188e0000,0x00000000189e0000)]
  0x0000000001e0e800 JavaThread "main" [_thread_in_vm, id=2924, stack(0x0000000002480000,0x0000000002580000)]

Other Threads:
  0x000000001767b000 VMThread [stack: 0x0000000018680000,0x0000000018780000] [id=5356]
  0x00000000191e2800 WatcherThread [stack: 0x0000000019970000,0x0000000019a70000] [id=4636]

VM state:not at safepoint (normal execution)

VM Mutex/Monitor currently owned by a thread: None

Heap:
 PSYoungGen      total 337920K, used 41142K [0x00000000d5d00000, 0x00000000ec100000, 0x0000000100000000)
  eden space 322560K, 7% used [0x00000000d5d00000,0x00000000d762ffb0,0x00000000e9800000)
  from space 15360K, 99% used [0x00000000eb200000,0x00000000ec0fd890,0x00000000ec100000)
  to   space 18944K, 0% used [0x00000000e9c00000,0x00000000e9c00000,0x00000000eae80000)
 ParOldGen       total 91648K, used 20226K [0x0000000081600000, 0x0000000086f80000, 0x00000000d5d00000)
  object space 91648K, 22% used [0x0000000081600000,0x00000000829c09c8,0x0000000086f80000)
 Metaspace       used 44772K, capacity 46654K, committed 46760K, reserved 1089536K
  class space    used 5936K, capacity 6300K, committed 6312K, reserved 1048576K

Card table byte_map: [0x0000000011c10000,0x0000000012010000] byte_map_base: 0x0000000011805000

Marking Bits: (ParMarkBitMap*) 0x000000006f2208c0
 Begin Bits: [0x00000000129a0000, 0x0000000014948000)
 End Bits:   [0x0000000014948000, 0x00000000168f0000)

Polling page: 0x0000000000130000

CodeCache: size=245760Kb used=16524Kb max_used=16830Kb free=229235Kb
 bounds [0x0000000002850000, 0x00000000038e0000, 0x0000000011850000]
 total_blobs=4767 nmethods=4296 adapters=383
 compilation: enabled

Compilation events (10 events):
Event: 8.217 Thread 0x0000000019164000 5005       3       sun.reflect.generics.tree.FormalTypeParameter::make (10 bytes)
Event: 8.217 Thread 0x0000000019164000 nmethod 5005 0x0000000002ad8ed0 code [0x0000000002ad9040, 0x0000000002ad92b0]
Event: 8.218 Thread 0x0000000019164000 5006       3       org.aspectj.weaver.reflect.JavaLangTypeToResolvedTypeConverter::fromType (427 bytes)
Event: 8.221 Thread 0x0000000019164000 nmethod 5006 0x00000000038cc690 code [0x00000000038ccc40, 0x00000000038d09d8]
Event: 8.223 Thread 0x0000000019163000 nmethod 4997 0x00000000038d26d0 code [0x00000000038d2940, 0x00000000038d3f40]
Event: 8.223 Thread 0x0000000019163000 5000       4       java.beans.MethodRef::get (91 bytes)
Event: 8.226 Thread 0x0000000019163000 nmethod 5000 0x00000000029f8b90 code [0x00000000029f8d00, 0x00000000029f8ef8]
Event: 8.227 Thread 0x0000000019163000 5007       4       org.springframework.core.ResolvableType::as (81 bytes)
Event: 8.290 Thread 0x0000000019164000 5009       3       javax.management.openmbean.CompositeType::getType (18 bytes)
Event: 8.291 Thread 0x0000000019164000 nmethod 5009 0x0000000002de0d90 code [0x0000000002de0f20, 0x0000000002de1328]

GC Heap History (10 events):
Event: 3.610 GC heap before
{Heap before GC invocations=6 (full 1):
 PSYoungGen      total 138240K, used 133120K [0x00000000d5d00000, 0x00000000de900000, 0x0000000100000000)
  eden space 133120K, 100% used [0x00000000d5d00000,0x00000000ddf00000,0x00000000ddf00000)
  from space 5120K, 0% used [0x00000000de400000,0x00000000de400000,0x00000000de900000)
  to   space 5120K, 0% used [0x00000000ddf00000,0x00000000ddf00000,0x00000000de400000)
 ParOldGen       total 55808K, used 8109K [0x0000000081600000, 0x0000000084c80000, 0x00000000d5d00000)
  object space 55808K, 14% used [0x0000000081600000,0x0000000081deb5f8,0x0000000084c80000)
 Metaspace       used 30705K, capacity 31732K, committed 32000K, reserved 1077248K
  class space    used 4002K, capacity 4225K, committed 4352K, reserved 1048576K
Event: 3.637 GC heap after
Heap after GC invocations=6 (full 1):
 PSYoungGen      total 138240K, used 5092K [0x00000000d5d00000, 0x00000000e5280000, 0x0000000100000000)
  eden space 133120K, 0% used [0x00000000d5d00000,0x00000000d5d00000,0x00000000ddf00000)
  from space 5120K, 99% used [0x00000000ddf00000,0x00000000de3f9040,0x00000000de400000)
  to   space 14848K, 0% used [0x00000000e4400000,0x00000000e4400000,0x00000000e5280000)
 ParOldGen       total 55808K, used 17293K [0x0000000081600000, 0x0000000084c80000, 0x00000000d5d00000)
  object space 55808K, 30% used [0x0000000081600000,0x00000000826e3708,0x0000000084c80000)
 Metaspace       used 30705K, capacity 31732K, committed 32000K, reserved 1077248K
  class space    used 4002K, capacity 4225K, committed 4352K, reserved 1048576K
}
Event: 4.750 GC heap before
{Heap before GC invocations=7 (full 1):
 PSYoungGen      total 138240K, used 128706K [0x00000000d5d00000, 0x00000000e5280000, 0x0000000100000000)
  eden space 133120K, 92% used [0x00000000d5d00000,0x00000000dd5b7b48,0x00000000ddf00000)
  from space 5120K, 99% used [0x00000000ddf00000,0x00000000de3f9040,0x00000000de400000)
  to   space 14848K, 0% used [0x00000000e4400000,0x00000000e4400000,0x00000000e5280000)
 ParOldGen       total 55808K, used 17293K [0x0000000081600000, 0x0000000084c80000, 0x00000000d5d00000)
  object space 55808K, 30% used [0x0000000081600000,0x00000000826e3708,0x0000000084c80000)
 Metaspace       used 34418K, capacity 35456K, committed 35496K, reserved 1079296K
  class space    used 4518K, capacity 4767K, committed 4776K, reserved 1048576K
Event: 4.765 GC heap after
Heap after GC invocations=7 (full 1):
 PSYoungGen      total 230400K, used 13352K [0x00000000d5d00000, 0x00000000e5180000, 0x0000000100000000)
  eden space 216576K, 0% used [0x00000000d5d00000,0x00000000d5d00000,0x00000000e3080000)
  from space 13824K, 96% used [0x00000000e4400000,0x00000000e510a138,0x00000000e5180000)
  to   space 16896K, 0% used [0x00000000e3080000,0x00000000e3080000,0x00000000e4100000)
 ParOldGen       total 55808K, used 17301K [0x0000000081600000, 0x0000000084c80000, 0x00000000d5d00000)
  object space 55808K, 31% used [0x0000000081600000,0x00000000826e5708,0x0000000084c80000)
 Metaspace       used 34418K, capacity 35456K, committed 35496K, reserved 1079296K
  class space    used 4518K, capacity 4767K, committed 4776K, reserved 1048576K
}
Event: 4.765 GC heap before
{Heap before GC invocations=8 (full 2):
 PSYoungGen      total 230400K, used 13352K [0x00000000d5d00000, 0x00000000e5180000, 0x0000000100000000)
  eden space 216576K, 0% used [0x00000000d5d00000,0x00000000d5d00000,0x00000000e3080000)
  from space 13824K, 96% used [0x00000000e4400000,0x00000000e510a138,0x00000000e5180000)
  to   space 16896K, 0% used [0x00000000e3080000,0x00000000e3080000,0x00000000e4100000)
 ParOldGen       total 55808K, used 17301K [0x0000000081600000, 0x0000000084c80000, 0x00000000d5d00000)
  object space 55808K, 31% used [0x0000000081600000,0x00000000826e5708,0x0000000084c80000)
 Metaspace       used 34418K, capacity 35456K, committed 35496K, reserved 1079296K
  class space    used 4518K, capacity 4767K, committed 4776K, reserved 1048576K
Event: 4.849 GC heap after
Heap after GC invocations=8 (full 2):
 PSYoungGen      total 230400K, used 0K [0x00000000d5d00000, 0x00000000e5180000, 0x0000000100000000)
  eden space 216576K, 0% used [0x00000000d5d00000,0x00000000d5d00000,0x00000000e3080000)
  from space 13824K, 0% used [0x00000000e4400000,0x00000000e4400000,0x00000000e5180000)
  to   space 16896K, 0% used [0x00000000e3080000,0x00000000e3080000,0x00000000e4100000)
 ParOldGen       total 91648K, used 20218K [0x0000000081600000, 0x0000000086f80000, 0x00000000d5d00000)
  object space 91648K, 22% used [0x0000000081600000,0x00000000829be9c8,0x0000000086f80000)
 Metaspace       used 34418K, capacity 35456K, committed 35496K, reserved 1079296K
  class space    used 4518K, capacity 4767K, committed 4776K, reserved 1048576K
}
Event: 6.608 GC heap before
{Heap before GC invocations=9 (full 2):
 PSYoungGen      total 230400K, used 216576K [0x00000000d5d00000, 0x00000000e5180000, 0x0000000100000000)
  eden space 216576K, 100% used [0x00000000d5d00000,0x00000000e3080000,0x00000000e3080000)
  from space 13824K, 0% used [0x00000000e4400000,0x00000000e4400000,0x00000000e5180000)
  to   space 16896K, 0% used [0x00000000e3080000,0x00000000e3080000,0x00000000e4100000)
 ParOldGen       total 91648K, used 20218K [0x0000000081600000, 0x0000000086f80000, 0x00000000d5d00000)
  object space 91648K, 22% used [0x0000000081600000,0x00000000829be9c8,0x0000000086f80000)
 Metaspace       used 40360K, capacity 41854K, committed 42024K, reserved 1085440K
  class space    used 5286K, capacity 5588K, committed 5672K, reserved 1048576K
Event: 6.633 GC heap after
Heap after GC invocations=9 (full 2):
 PSYoungGen      total 233472K, used 11308K [0x00000000d5d00000, 0x00000000ec280000, 0x0000000100000000)
  eden space 216576K, 0% used [0x00000000d5d00000,0x00000000d5d00000,0x00000000e3080000)
  from space 16896K, 66% used [0x00000000e3080000,0x00000000e3b8b120,0x00000000e4100000)
  to   space 16896K, 0% used [0x00000000eb200000,0x00000000eb200000,0x00000000ec280000)
 ParOldGen       total 91648K, used 20226K [0x0000000081600000, 0x0000000086f80000, 0x00000000d5d00000)
  object space 91648K, 22% used [0x0000000081600000,0x00000000829c09c8,0x0000000086f80000)
 Metaspace       used 40360K, capacity 41854K, committed 42024K, reserved 1085440K
  class space    used 5286K, capacity 5588K, committed 5672K, reserved 1048576K
}
Event: 8.270 GC heap before
{Heap before GC invocations=10 (full 2):
 PSYoungGen      total 233472K, used 227884K [0x00000000d5d00000, 0x00000000ec280000, 0x0000000100000000)
  eden space 216576K, 100% used [0x00000000d5d00000,0x00000000e3080000,0x00000000e3080000)
  from space 16896K, 66% used [0x00000000e3080000,0x00000000e3b8b120,0x00000000e4100000)
  to   space 16896K, 0% used [0x00000000eb200000,0x00000000eb200000,0x00000000ec280000)
 ParOldGen       total 91648K, used 20226K [0x0000000081600000, 0x0000000086f80000, 0x00000000d5d00000)
  object space 91648K, 22% used [0x0000000081600000,0x00000000829c09c8,0x0000000086f80000)
 Metaspace       used 43818K, capacity 45676K, committed 45864K, reserved 1089536K
  class space    used 5795K, capacity 6153K, committed 6184K, reserved 1048576K
Event: 8.285 GC heap after
Heap after GC invocations=10 (full 2):
 PSYoungGen      total 337920K, used 15350K [0x00000000d5d00000, 0x00000000ec100000, 0x0000000100000000)
  eden space 322560K, 0% used [0x00000000d5d00000,0x00000000d5d00000,0x00000000e9800000)
  from space 15360K, 99% used [0x00000000eb200000,0x00000000ec0fd890,0x00000000ec100000)
  to   space 18944K, 0% used [0x00000000e9c00000,0x00000000e9c00000,0x00000000eae80000)
 ParOldGen       total 91648K, used 20226K [0x0000000081600000, 0x0000000086f80000, 0x00000000d5d00000)
  object space 91648K, 22% used [0x0000000081600000,0x00000000829c09c8,0x0000000086f80000)
 Metaspace       used 43818K, capacity 45676K, committed 45864K, reserved 1089536K
  class space    used 5795K, capacity 6153K, committed 6184K, reserved 1048576K
}

Deoptimization events (10 events):
Event: 6.718 Thread 0x0000000001e0e800 Uncommon trap: reason=unstable_if action=reinterpret pc=0x0000000002daa510 method=java.util.concurrent.ConcurrentHashMap.transfer([Ljava/util/concurrent/ConcurrentHashMap$Node;[Ljava/util/concurrent/ConcurrentHashMap$Node;)V @ 356
Event: 6.928 Thread 0x0000000001e0e800 Uncommon trap: reason=unstable_if action=reinterpret pc=0x00000000029e7b1c method=org.springframework.beans.factory.support.DefaultSingletonBeanRegistry.getSingleton(Ljava/lang/String;Z)Ljava/lang/Object; @ 47
Event: 7.238 Thread 0x0000000001e0e800 Uncommon trap: reason=bimorphic action=maybe_recompile pc=0x0000000002ab8a34 method=org.aspectj.weaver.World.resolve(Lorg/aspectj/weaver/ResolvedType;)Lorg/aspectj/weaver/ResolvedType; @ 36
Event: 7.261 Thread 0x0000000001e0e800 Uncommon trap: reason=bimorphic action=maybe_recompile pc=0x0000000002ab8a34 method=org.aspectj.weaver.World.resolve(Lorg/aspectj/weaver/ResolvedType;)Lorg/aspectj/weaver/ResolvedType; @ 36
Event: 7.266 Thread 0x0000000001e0e800 Uncommon trap: reason=unstable_if action=reinterpret pc=0x0000000002b2f3c8 method=org.springframework.beans.factory.support.AbstractBeanFactory.isTypeMatch(Ljava/lang/String;Lorg/springframework/core/ResolvableType;)Z @ 471
Event: 7.279 Thread 0x0000000001e0e800 Uncommon trap: reason=unstable_if action=reinterpret pc=0x00000000037cb7c8 method=java.lang.Class.privateGetMethodRecursive(Ljava/lang/String;[Ljava/lang/Class;ZLjava/lang/Class$MethodArray;)Ljava/lang/reflect/Method; @ 28
Event: 7.476 Thread 0x0000000001e0e800 Uncommon trap: reason=unstable_if action=reinterpret pc=0x0000000002c94fec method=java.lang.Class.cast(Ljava/lang/Object;)Ljava/lang/Object; @ 9
Event: 7.741 Thread 0x0000000001e0e800 Uncommon trap: reason=null_check action=make_not_entrant pc=0x00000000036a9418 method=org.springframework.util.ClassUtils.isAssignable(Ljava/lang/Class;Ljava/lang/Class;)Z @ 14
Event: 7.883 Thread 0x0000000001e0e800 Uncommon trap: reason=unstable_if action=reinterpret pc=0x000000000387c4dc method=org.springframework.cglib.core.CodeEmitter.emit_invoke(ILorg/springframework/asm/Type;Lorg/springframework/cglib/core/Signature;)V @ 24
Event: 8.102 Thread 0x0000000001e0e800 Uncommon trap: reason=bimorphic action=maybe_recompile pc=0x0000000002ab8a34 method=org.aspectj.weaver.World.resolve(Lorg/aspectj/weaver/ResolvedType;)Lorg/aspectj/weaver/ResolvedType; @ 36

Classes redefined (0 events):
No events

Internal exceptions (10 events):
Event: 8.216 Thread 0x0000000001e0e800 Exception <a 'java/lang/ClassNotFoundException': org/springframework/security/config/annotation/authentication/ProviderManagerBuilderCustomizer> (0x00000000e29a8d30) thrown at [C:\re\workspace\8-2-build-windows-amd64-cygwin\jdk8u171\10807\hotspot\src\shar
Event: 8.217 Thread 0x0000000001e0e800 Exception <a 'java/lang/ClassNotFoundException': org/springframework/security/config/annotation/SecurityBuilderCustomizer> (0x00000000e29d50d0) thrown at [C:\re\workspace\8-2-build-windows-amd64-cygwin\jdk8u171\10807\hotspot\src\share\vm\classfile\systemD
Event: 8.220 Thread 0x0000000001e0e800 Exception <a 'java/lang/ClassNotFoundException': java/lang/ObjectCustomizer> (0x00000000e2a263e8) thrown at [C:\re\workspace\8-2-build-windows-amd64-cygwin\jdk8u171\10807\hotspot\src\share\vm\classfile\systemDictionary.cpp, line 210]
Event: 8.221 Thread 0x0000000001e0e800 Exception <a 'java/lang/ClassNotFoundException': org/springframework/security/config/annotation/web/configuration/WebSecurityConfigurationCustomizer> (0x00000000e2a61998) thrown at [C:\re\workspace\8-2-build-windows-amd64-cygwin\jdk8u171\10807\hotspot\src
Event: 8.222 Thread 0x0000000001e0e800 Exception <a 'java/lang/ClassNotFoundException': org/springframework/security/config/annotation/web/configuration/WebSecurityConfiguration$$EnhancerBySpringCGLIB$$2d240e2eCustomizer> (0x00000000e2ab3958) thrown at [C:\re\workspace\8-2-build-windows-amd64-
Event: 8.223 Thread 0x0000000001e0e800 Exception <a 'java/lang/ClassNotFoundException': org/springframework/context/annotation/ConfigurationClassEnhancer$EnhancedConfigurationCustomizer> (0x00000000e2af5fa0) thrown at [C:\re\workspace\8-2-build-windows-amd64-cygwin\jdk8u171\10807\hotspot\src\s
Event: 8.223 Thread 0x0000000001e0e800 Exception <a 'java/lang/ClassNotFoundException': org/springframework/context/annotation/ImportAwareCustomizer> (0x00000000e2b1be30) thrown at [C:\re\workspace\8-2-build-windows-amd64-cygwin\jdk8u171\10807\hotspot\src\share\vm\classfile\systemDictionary.cp
Event: 8.224 Thread 0x0000000001e0e800 Exception <a 'java/lang/ClassNotFoundException': org/springframework/beans/factory/BeanClassLoaderAwareCustomizer> (0x00000000e2b44938) thrown at [C:\re\workspace\8-2-build-windows-amd64-cygwin\jdk8u171\10807\hotspot\src\share\vm\classfile\systemDictionar
Event: 8.258 Thread 0x0000000001e0e800 Exception <a 'java/lang/ClassNotFoundException': java/lang/ObjectCustomizer> (0x00000000e2f61df8) thrown at [C:\re\workspace\8-2-build-windows-amd64-cygwin\jdk8u171\10807\hotspot\src\share\vm\classfile\systemDictionary.cpp, line 210]
Event: 8.259 Thread 0x0000000001e0e800 Exception <a 'java/lang/ClassNotFoundException': org/springframework/security/config/annotation/web/configuration/AutowiredWebSecurityConfigurersIgnoreParentsCustomizer> (0x00000000e2fa57a8) thrown at [C:\re\workspace\8-2-build-windows-amd64-cygwin\jdk8u1

Events (10 events):
Event: 8.292 Executing VM operation: RevokeBias
Event: 8.292 Executing VM operation: RevokeBias done
Event: 8.292 Executing VM operation: RevokeBias
Event: 8.292 Executing VM operation: RevokeBias done
Event: 8.292 Executing VM operation: RevokeBias
Event: 8.292 Executing VM operation: RevokeBias done
Event: 8.292 loading class org/springframework/security/web/firewall/HttpFirewall
Event: 8.292 loading class org/springframework/security/web/firewall/HttpFirewall done
Event: 8.292 loading class io/micrometer/core/instrument/Timer$Builder
Event: 8.292 loading class io/micrometer/core/instrument/Timer$Builder done


Dynamic libraries:
0x000000013feb0000 - 0x000000013fee7000 	C:\Program Files\Java\jdk1.8.0_171\jre\bin\java.exe
0x00000000775a0000 - 0x0000000077749000 	C:\Windows\SYSTEM32\ntdll.dll
0x0000000077480000 - 0x000000007759f000 	C:\Windows\system32\kernel32.dll
0x000007fefd850000 - 0x000007fefd8bb000 	C:\Windows\system32\KERNELBASE.dll
0x0000000074fc0000 - 0x0000000075073000 	C:\Program Files\SafeKill Antivirus Pro\SafeKill Antivirus Pro\Active Virus Control\Avc3_00472_004\avcuf64.dll
0x000007fefda40000 - 0x000007fefdb1b000 	C:\Windows\system32\ADVAPI32.dll
0x000007feff560000 - 0x000007feff5ff000 	C:\Windows\system32\msvcrt.dll
0x000007fefdcb0000 - 0x000007fefdccf000 	C:\Windows\SYSTEM32\sechost.dll
0x000007feff000000 - 0x000007feff12d000 	C:\Windows\system32\RPCRT4.dll
0x0000000077380000 - 0x000000007747a000 	C:\Windows\system32\USER32.dll
0x000007fefdc30000 - 0x000007fefdc97000 	C:\Windows\system32\GDI32.dll
0x000007fefdca0000 - 0x000007fefdcae000 	C:\Windows\system32\LPK.dll
0x000007fefdcd0000 - 0x000007fefdd99000 	C:\Windows\system32\USP10.dll
0x000007fefc1a0000 - 0x000007fefc394000 	C:\Windows\WinSxS\amd64_microsoft.windows.common-controls_6595b64144ccf1df_6.0.7601.17514_none_fa396087175ac9ac\COMCTL32.dll
0x000007fefecd0000 - 0x000007fefed41000 	C:\Windows\system32\SHLWAPI.dll
0x000007feff510000 - 0x000007feff53e000 	C:\Windows\system32\IMM32.DLL
0x000007fefdb20000 - 0x000007fefdc29000 	C:\Windows\system32\MSCTF.dll
0x0000000074930000 - 0x0000000074a02000 	C:\Program Files\Java\jdk1.8.0_171\jre\bin\msvcr100.dll
0x000000006ea00000 - 0x000000006f2a0000 	C:\Program Files\Java\jdk1.8.0_171\jre\bin\server\jvm.dll
0x000007fee97e0000 - 0x000007fee97e9000 	C:\Windows\system32\WSOCK32.dll
0x000007fefedd0000 - 0x000007fefee1d000 	C:\Windows\system32\WS2_32.dll
0x000007fefdda0000 - 0x000007fefdda8000 	C:\Windows\system32\NSI.dll
0x000007fefc740000 - 0x000007fefc77b000 	C:\Windows\system32\WINMM.dll
0x000007fefc6d0000 - 0x000007fefc6dc000 	C:\Windows\system32\VERSION.dll
0x0000000077770000 - 0x0000000077777000 	C:\Windows\system32\PSAPI.DLL
0x0000000074f20000 - 0x0000000074f2f000 	C:\Program Files\Java\jdk1.8.0_171\jre\bin\verify.dll
0x0000000074ef0000 - 0x0000000074f19000 	C:\Program Files\Java\jdk1.8.0_171\jre\bin\java.dll
0x0000000074bd0000 - 0x0000000074be6000 	C:\Program Files\Java\jdk1.8.0_171\jre\bin\zip.dll
0x000007fefdf40000 - 0x000007fefecc8000 	C:\Windows\system32\SHELL32.dll
0x000007feff6a0000 - 0x000007feff8a3000 	C:\Windows\system32\ole32.dll
0x000007fefd4f0000 - 0x000007fefd4ff000 	C:\Windows\system32\profapi.dll
0x0000000074ee0000 - 0x0000000074eed000 	C:\Program Files\Java\jdk1.8.0_171\jre\bin\management.dll
0x000007fefd380000 - 0x000007fefd3d7000 	C:\Windows\system32\apphelp.dll
0x0000000074bb0000 - 0x0000000074bca000 	C:\Program Files\Java\jdk1.8.0_171\jre\bin\net.dll
0x000007fefcd20000 - 0x000007fefcd75000 	C:\Windows\system32\mswsock.dll
0x000007fefcd10000 - 0x000007fefcd17000 	C:\Windows\System32\wship6.dll
0x0000000074b90000 - 0x0000000074ba1000 	C:\Program Files\Java\jdk1.8.0_171\jre\bin\nio.dll
0x000007fefc7b0000 - 0x000007fefc7d7000 	C:\Windows\system32\IPHLPAPI.DLL
0x000007fefc7a0000 - 0x000007fefc7ab000 	C:\Windows\system32\WINNSI.DLL
0x000007fefbcd0000 - 0x000007fefbce8000 	C:\Windows\system32\dhcpcsvc.DLL
0x000007fefbcb0000 - 0x000007fefbcc1000 	C:\Windows\system32\dhcpcsvc6.DLL
0x000007fefcba0000 - 0x000007fefcbfb000 	C:\Windows\system32\DNSAPI.dll
0x000007fefc550000 - 0x000007fefc557000 	C:\Windows\System32\wshtcpip.dll
0x000007fefb610000 - 0x000007fefb618000 	C:\Windows\system32\rasadhlp.dll
0x000007fef7f90000 - 0x000007fef7fe3000 	C:\Windows\System32\fwpuclnt.dll
0x000007fefa760000 - 0x000007fefa775000 	C:\Windows\system32\NLAapi.dll
0x000007fef3f10000 - 0x000007fef3f25000 	C:\Windows\system32\napinsp.dll
0x000007fef3ef0000 - 0x000007fef3f09000 	C:\Windows\system32\pnrpnsp.dll
0x000007fef4960000 - 0x000007fef496b000 	C:\Windows\System32\winrnr.dll
0x000007fef3ee0000 - 0x000007fef3ef0000 	C:\Windows\system32\wshbth.dll
0x000007fefcd80000 - 0x000007fefcd97000 	C:\Windows\system32\CRYPTSP.dll
0x000007fefca80000 - 0x000007fefcac7000 	C:\Windows\system32\rsaenh.dll
0x000007fefc840000 - 0x000007fefc85e000 	C:\Windows\system32\USERENV.dll
0x000007fefd3e0000 - 0x000007fefd3ef000 	C:\Windows\system32\CRYPTBASE.dll
0x000007fefc580000 - 0x000007fefc6a5000 	C:\Windows\system32\dbghelp.dll

VM Arguments:
java_command: C:\Users\Welcome\AppData\Local\Temp\surefire3265283404662776020\surefirebooter2398264373551273355.jar C:\Users\Welcome\AppData\Local\Temp\surefire3265283404662776020 2018-05-17T12-50-48_635-jvmRun1 surefire3192944791254696823tmp surefire_07300775305615488389tmp
java_class_path (initial): C:\Users\Welcome\AppData\Local\Temp\surefire3265283404662776020\surefirebooter2398264373551273355.jar
Launcher Type: SUN_STANDARD

Environment Variables:
PATH=C:/Program Files/Java/jre1.8.0_171/bin/server;C:/Program Files/Java/jre1.8.0_171/bin;C:/Program Files/Java/jre1.8.0_171/lib/amd64;C:\Program Files (x86)\Common Files\Oracle\Java\javapath;C:\Windows\system32;C:\Windows;C:\Windows\System32\Wbem;C:\Windows\System32\WindowsPowerShell\v1.0\;C:\Program Files\Shield;C:\Program Files\PuTTY\;C:\Program Files\Git\cmd;D:\software\sts-bundle\sts-3.9.4.RELEASE;
USERNAME=Welcome
OS=Windows_NT
PROCESSOR_IDENTIFIER=Intel64 Family 6 Model 61 Stepping 4, GenuineIntel



---------------  S Y S T E M  ---------------

OS: Windows 7 , 64 bit Build 7601 (6.1.7601.17514)

CPU:total 4 (initial active 4) (2 cores per cpu, 2 threads per core) family 6 model 61 stepping 4, cmov, cx8, fxsr, mmx, sse, sse2, sse3, ssse3, sse4.1, sse4.2, popcnt, avx, avx2, aes, clmul, erms, 3dnowpref, lzcnt, ht, tsc, tscinvbit, bmi1, bmi2, adx

Memory: 4k page, physical 8297944k(3306828k free), swap 16594044k(9361884k free)

vm_info: Java HotSpot(TM) 64-Bit Server VM (25.171-b11) for windows-amd64 JRE (1.8.0_171-b11), built on Mar 28 2018 16:06:12 by "java_re" with MS VC++ 10.0 (VS2010)

time: Thu May 17 12:50:57 2018
elapsed time: 8 seconds (0d 0h 0m 8s)

